### CustomExplorer log file, revision F-2011.09-SP2 (build 0205) ###
### created at 08:24:59 on Thu Mar  7 2013 (Linux AMD64) ###
wv_start_log
# (0) # editor setting overridden by env variable EDITOR
# (0) running in waveview only mode
# (0) SW_SX_PERL_LIB defined
# (0) SW_SX_TCL_LIB defined
# (0) HOME defined
wv_move_window CustomWaveView 0 0
wv_resize_window CustomWaveView 800 400
wv_move_window CustomWaveView 1 28
wv_move_window CustomWaveView 59 2
wv_resize_window CustomWaveView 1333 747
wv_select_toolbar_item {Import Waveform File}
wv_move_dialog FileDialog 551 98
wv_select_dialog FileDialog
wv_set_text FileDialog.FileName {}
wv_select_list_item FileDialog.FileList task3
wv_dclick_list_item FileDialog.FileList task3
wv_select_list_item FileDialog.FileList task3.tr0
wv_dclick_list_item FileDialog.FileList task3.tr0
wv_expand_hierview_item {FILE0:D0:task3.tr0}
wv_select_hierview_item {FILE0:D0:task3.tr0} {toplevel}
wv_select_sigview_item v(bl_b63,bl63)
wv_drag_sigview_item v(bl_b63,bl63)
wv_drag_enter WV1
wv_drop_on WV1
wv_select_sigview_item v(wl0)
wv_drag_sigview_item v(wl0)
wv_drag_enter WV1
wv_drag_to WV1 69 330
wv_drop_on WV1
wv_select_wv_item {WV1.ICON.measurement tool}
wv_move_dialog MeasurementTool 1 28
wv_select_dialog MeasurementTool
wv_release_wv_item WV1 112 11
wv_press_button MeasurementTool.AllOk
wv_select_wv_item WV1.MEAS1
wv_drag_item_to WV1 252 214
wv_move_wv_item WV1.MEAS1 161 318
